# JRE version: Java(TM) SE Runtime Environment (8.0_25-b17) (build 1.8.0_25-b17)
# Java VM: Java HotSpot(TM) 64-Bit Server VM (25.25-b02 mixed mode bsd-amd64 compressed oops)
Heap:
 PSYoungGen      total 214016K, used 80052K [0x000000076ab00000, 0x0000000779f00000, 0x00000007c0000000)
  eden space 195072K, 41% used [0x000000076ab00000,0x000000076f92d390,0x0000000776980000)
  from space 18944K, 0% used [0x0000000777e80000,0x0000000777e80000,0x0000000779100000)
  to   space 21504K, 0% used [0x0000000776980000,0x0000000776980000,0x0000000777e80000)
 ParOldGen       total 134656K, used 27025K [0x00000006c0000000, 0x00000006c8380000, 0x000000076ab00000)
  object space 134656K, 20% used [0x00000006c0000000,0x00000006c1a64628,0x00000006c8380000)
 Metaspace       used 35971K, capacity 36358K, committed 36648K, reserved 1081344K
  class space    used 4345K, capacity 4446K, committed 4480K, reserved 1048576K
GC Heap History (10 events):
Event: 3.340 GC heap before
{Heap before GC invocations=4 (full 1):
 PSYoungGen      total 76288K, used 9809K [0x000000076ab00000, 0x0000000774000000, 0x00000007c0000000)
  eden space 65536K, 0% used [0x000000076ab00000,0x000000076ab00000,0x000000076eb00000)
  from space 10752K, 91% used [0x000000076eb00000,0x000000076f494650,0x000000076f580000)
  to   space 10752K, 0% used [0x0000000773580000,0x0000000773580000,0x0000000774000000)
 ParOldGen       total 175104K, used 3919K [0x00000006c0000000, 0x00000006cab00000, 0x000000076ab00000)
  object space 175104K, 2% used [0x00000006c0000000,0x00000006c03d3c20,0x00000006cab00000)
 Metaspace       used 20930K, capacity 21120K, committed 21296K, reserved 1069056K
  class space    used 2504K, capacity 2567K, committed 2688K, reserved 1048576K
Event: 3.392 GC heap after
Heap after GC invocations=4 (full 1):
 PSYoungGen      total 76288K, used 0K [0x000000076ab00000, 0x0000000774000000, 0x00000007c0000000)
  eden space 65536K, 0% used [0x000000076ab00000,0x000000076ab00000,0x000000076eb00000)
  from space 10752K, 0% used [0x000000076eb00000,0x000000076eb00000,0x000000076f580000)
  to   space 10752K, 0% used [0x0000000773580000,0x0000000773580000,0x0000000774000000)
 ParOldGen       total 92672K, used 9780K [0x00000006c0000000, 0x00000006c5a80000, 0x000000076ab00000)
  object space 92672K, 10% used [0x00000006c0000000,0x00000006c098d1b8,0x00000006c5a80000)
 Metaspace       used 20929K, capacity 21118K, committed 21296K, reserved 1069056K
  class space    used 2503K, capacity 2566K, committed 2688K, reserved 1048576K
}
Event: 4.095 GC heap before
{Heap before GC invocations=5 (full 1):
 PSYoungGen      total 76288K, used 65536K [0x000000076ab00000, 0x0000000774000000, 0x00000007c0000000)
  eden space 65536K, 100% used [0x000000076ab00000,0x000000076eb00000,0x000000076eb00000)
  from space 10752K, 0% used [0x000000076eb00000,0x000000076eb00000,0x000000076f580000)
  to   space 10752K, 0% used [0x0000000773580000,0x0000000773580000,0x0000000774000000)
 ParOldGen       total 92672K, used 9780K [0x00000006c0000000, 0x00000006c5a80000, 0x000000076ab00000)
  object space 92672K, 10% used [0x00000006c0000000,0x00000006c098d1b8,0x00000006c5a80000)
 Metaspace       used 23538K, capacity 23758K, committed 23936K, reserved 1071104K
  class space    used 2821K, capacity 2862K, committed 2944K, reserved 1048576K
Event: 4.100 GC heap after
Heap after GC invocations=5 (full 1):
 PSYoungGen      total 119808K, used 4199K [0x000000076ab00000, 0x0000000773a00000, 0x00000007c0000000)
  eden space 115200K, 0% used [0x000000076ab00000,0x000000076ab00000,0x0000000771b80000)
  from space 4608K, 91% used [0x0000000773580000,0x0000000773999f48,0x0000000773a00000)
  to   space 10752K, 0% used [0x0000000772500000,0x0000000772500000,0x0000000772f80000)
 ParOldGen       total 92672K, used 9788K [0x00000006c0000000, 0x00000006c5a80000, 0x000000076ab00000)
  object space 92672K, 10% used [0x00000006c0000000,0x00000006c098f1b8,0x00000006c5a80000)
 Metaspace       used 23538K, capacity 23758K, committed 23936K, reserved 1071104K
  class space    used 2821K, capacity 2862K, committed 2944K, reserved 1048576K
}
Event: 5.587 GC heap before
{Heap before GC invocations=6 (full 1):
 PSYoungGen      total 119808K, used 119399K [0x000000076ab00000, 0x0000000773a00000, 0x00000007c0000000)
  eden space 115200K, 100% used [0x000000076ab00000,0x0000000771b80000,0x0000000771b80000)
  from space 4608K, 91% used [0x0000000773580000,0x0000000773999f48,0x0000000773a00000)
  to   space 10752K, 0% used [0x0000000772500000,0x0000000772500000,0x0000000772f80000)
 ParOldGen       total 92672K, used 9788K [0x00000006c0000000, 0x00000006c5a80000, 0x000000076ab00000)
  object space 92672K, 10% used [0x00000006c0000000,0x00000006c098f1b8,0x00000006c5a80000)
 Metaspace       used 29384K, capacity 29688K, committed 30080K, reserved 1075200K
  class space    used 3544K, capacity 3593K, committed 3712K, reserved 1048576K
Event: 5.607 GC heap after
Heap after GC invocations=6 (full 1):
 PSYoungGen      total 135680K, used 10740K [0x000000076ab00000, 0x0000000779100000, 0x00000007c0000000)
  eden space 124928K, 0% used [0x000000076ab00000,0x000000076ab00000,0x0000000772500000)
  from space 10752K, 99% used [0x0000000772500000,0x0000000772f7d050,0x0000000772f80000)
  to   space 18944K, 0% used [0x0000000777e80000,0x0000000777e80000,0x0000000779100000)
 ParOldGen       total 92672K, used 14934K [0x00000006c0000000, 0x00000006c5a80000, 0x000000076ab00000)
  object space 92672K, 16% used [0x00000006c0000000,0x00000006c0e95b88,0x00000006c5a80000)
 Metaspace       used 29384K, capacity 29688K, committed 30080K, reserved 1075200K
  class space    used 3544K, capacity 3593K, committed 3712K, reserved 1048576K
}
Event: 19.145 GC heap before
{Heap before GC invocations=7 (full 1):
 PSYoungGen      total 135680K, used 122272K [0x000000076ab00000, 0x0000000779100000, 0x00000007c0000000)
  eden space 124928K, 89% used [0x000000076ab00000,0x00000007717eb1e0,0x0000000772500000)
  from space 10752K, 99% used [0x0000000772500000,0x0000000772f7d050,0x0000000772f80000)
  to   space 18944K, 0% used [0x0000000777e80000,0x0000000777e80000,0x0000000779100000)
 ParOldGen       total 92672K, used 14934K [0x00000006c0000000, 0x00000006c5a80000, 0x000000076ab00000)
  object space 92672K, 16% used [0x00000006c0000000,0x00000006c0e95b88,0x00000006c5a80000)
 Metaspace       used 34952K, capacity 35236K, committed 35496K, reserved 1081344K
  class space    used 4209K, capacity 4289K, committed 4352K, reserved 1048576K
Event: 19.178 GC heap after
Heap after GC invocations=7 (full 1):
 PSYoungGen      total 214016K, used 17596K [0x000000076ab00000, 0x0000000779f00000, 0x00000007c0000000)
  eden space 195072K, 0% used [0x000000076ab00000,0x000000076ab00000,0x0000000776980000)
  from space 18944K, 92% used [0x0000000777e80000,0x0000000778faf220,0x0000000779100000)
  to   space 21504K, 0% used [0x0000000776980000,0x0000000776980000,0x0000000777e80000)
 ParOldGen       total 92672K, used 14942K [0x00000006c0000000, 0x00000006c5a80000, 0x000000076ab00000)
  object space 92672K, 16% used [0x00000006c0000000,0x00000006c0e97b88,0x00000006c5a80000)
 Metaspace       used 34952K, capacity 35236K, committed 35496K, reserved 1081344K
  class space    used 4209K, capacity 4289K, committed 4352K, reserved 1048576K
}
Event: 19.179 GC heap before
{Heap before GC invocations=8 (full 2):
 PSYoungGen      total 214016K, used 17596K [0x000000076ab00000, 0x0000000779f00000, 0x00000007c0000000)
  eden space 195072K, 0% used [0x000000076ab00000,0x000000076ab00000,0x0000000776980000)
  from space 18944K, 92% used [0x0000000777e80000,0x0000000778faf220,0x0000000779100000)
  to   space 21504K, 0% used [0x0000000776980000,0x0000000776980000,0x0000000777e80000)
 ParOldGen       total 92672K, used 14942K [0x00000006c0000000, 0x00000006c5a80000, 0x000000076ab00000)
  object space 92672K, 16% used [0x00000006c0000000,0x00000006c0e97b88,0x00000006c5a80000)
 Metaspace       used 34952K, capacity 35236K, committed 35496K, reserved 1081344K
  class space    used 4209K, capacity 4289K, committed 4352K, reserved 1048576K
Event: 19.297 GC heap after
Heap after GC invocations=8 (full 2):
 PSYoungGen      total 214016K, used 0K [0x000000076ab00000, 0x0000000779f00000, 0x00000007c0000000)
  eden space 195072K, 0% used [0x000000076ab00000,0x000000076ab00000,0x0000000776980000)
  from space 18944K, 0% used [0x0000000777e80000,0x0000000777e80000,0x0000000779100000)
  to   space 21504K, 0% used [0x0000000776980000,0x0000000776980000,0x0000000777e80000)
 ParOldGen       total 134656K, used 27025K [0x00000006c0000000, 0x00000006c8380000, 0x000000076ab00000)
  object space 134656K, 20% used [0x00000006c0000000,0x00000006c1a64628,0x00000006c8380000)
 Metaspace       used 34952K, capacity 35236K, committed 35496K, reserved 1081344K
  class space    used 4209K, capacity 4289K, committed 4352K, reserved 1048576K
}

