# JRE version: Java(TM) SE Runtime Environment (8.0_25-b17) (build 1.8.0_25-b17)
# Java VM: Java HotSpot(TM) 64-Bit Server VM (25.25-b02 mixed mode bsd-amd64 compressed oops)
Heap:
 PSYoungGen      total 272896K, used 20178K [0x000000076ab00000, 0x0000000784e80000, 0x00000007c0000000)
  eden space 262144K, 3% used [0x000000076ab00000,0x000000076b439d50,0x000000077ab00000)
  from space 10752K, 99% used [0x000000077ab00000,0x000000077b57ac00,0x000000077b580000)
  to   space 25088K, 0% used [0x0000000783600000,0x0000000783600000,0x0000000784e80000)
 ParOldGen       total 94208K, used 27871K [0x00000006c0000000, 0x00000006c5c00000, 0x000000076ab00000)
  object space 94208K, 29% used [0x00000006c0000000,0x00000006c1b37cf8,0x00000006c5c00000)
 Metaspace       used 34744K, capacity 35122K, committed 35376K, reserved 1081344K
  class space    used 4168K, capacity 4276K, committed 4400K, reserved 1048576K
GC Heap History (10 events):
Event: 3.689 GC heap before
{Heap before GC invocations=2 (full 0):
 PSYoungGen      total 76288K, used 76278K [0x000000076ab00000, 0x0000000774000000, 0x00000007c0000000)
  eden space 65536K, 100% used [0x000000076ab00000,0x000000076eb00000,0x000000076eb00000)
  from space 10752K, 99% used [0x000000076eb00000,0x000000076f57d8b8,0x000000076f580000)
  to   space 10752K, 0% used [0x0000000773580000,0x0000000773580000,0x0000000774000000)
 ParOldGen       total 175104K, used 1338K [0x00000006c0000000, 0x00000006cab00000, 0x000000076ab00000)
  object space 175104K, 0% used [0x00000006c0000000,0x00000006c014eac0,0x00000006cab00000)
 Metaspace       used 20905K, capacity 21120K, committed 21296K, reserved 1069056K
  class space    used 2493K, capacity 2567K, committed 2608K, reserved 1048576K
Event: 3.721 GC heap after
Heap after GC invocations=2 (full 0):
 PSYoungGen      total 141824K, used 10751K [0x000000076ab00000, 0x0000000774000000, 0x00000007c0000000)
  eden space 131072K, 0% used [0x000000076ab00000,0x000000076ab00000,0x0000000772b00000)
  from space 10752K, 99% used [0x0000000773580000,0x0000000773ffffd0,0x0000000774000000)
  to   space 10752K, 0% used [0x0000000772b00000,0x0000000772b00000,0x0000000773580000)
 ParOldGen       total 175104K, used 3986K [0x00000006c0000000, 0x00000006cab00000, 0x000000076ab00000)
  object space 175104K, 2% used [0x00000006c0000000,0x00000006c03e4bf8,0x00000006cab00000)
 Metaspace       used 20905K, capacity 21120K, committed 21296K, reserved 1069056K
  class space    used 2493K, capacity 2567K, committed 2608K, reserved 1048576K
}
Event: 3.807 GC heap before
{Heap before GC invocations=3 (full 0):
 PSYoungGen      total 141824K, used 24174K [0x000000076ab00000, 0x0000000774000000, 0x00000007c0000000)
  eden space 131072K, 10% used [0x000000076ab00000,0x000000076b81b860,0x0000000772b00000)
  from space 10752K, 99% used [0x0000000773580000,0x0000000773ffffd0,0x0000000774000000)
  to   space 10752K, 0% used [0x0000000772b00000,0x0000000772b00000,0x0000000773580000)
 ParOldGen       total 175104K, used 3986K [0x00000006c0000000, 0x00000006cab00000, 0x000000076ab00000)
  object space 175104K, 2% used [0x00000006c0000000,0x00000006c03e4bf8,0x00000006cab00000)
 Metaspace       used 21001K, capacity 21184K, committed 21296K, reserved 1069056K
  class space    used 2507K, capacity 2567K, committed 2608K, reserved 1048576K
Event: 3.838 GC heap after
Heap after GC invocations=3 (full 0):
 PSYoungGen      total 141824K, used 9905K [0x000000076ab00000, 0x000000077c000000, 0x00000007c0000000)
  eden space 131072K, 0% used [0x000000076ab00000,0x000000076ab00000,0x0000000772b00000)
  from space 10752K, 92% used [0x0000000772b00000,0x00000007734ac650,0x0000000773580000)
  to   space 10752K, 0% used [0x000000077b580000,0x000000077b580000,0x000000077c000000)
 ParOldGen       total 175104K, used 3994K [0x00000006c0000000, 0x00000006cab00000, 0x000000076ab00000)
  object space 175104K, 2% used [0x00000006c0000000,0x00000006c03e6bf8,0x00000006cab00000)
 Metaspace       used 21001K, capacity 21184K, committed 21296K, reserved 1069056K
  class space    used 2507K, capacity 2567K, committed 2608K, reserved 1048576K
}
Event: 3.838 GC heap before
{Heap before GC invocations=4 (full 1):
 PSYoungGen      total 141824K, used 9905K [0x000000076ab00000, 0x000000077c000000, 0x00000007c0000000)
  eden space 131072K, 0% used [0x000000076ab00000,0x000000076ab00000,0x0000000772b00000)
  from space 10752K, 92% used [0x0000000772b00000,0x00000007734ac650,0x0000000773580000)
  to   space 10752K, 0% used [0x000000077b580000,0x000000077b580000,0x000000077c000000)
 ParOldGen       total 175104K, used 3994K [0x00000006c0000000, 0x00000006cab00000, 0x000000076ab00000)
  object space 175104K, 2% used [0x00000006c0000000,0x00000006c03e6bf8,0x00000006cab00000)
 Metaspace       used 21001K, capacity 21184K, committed 21296K, reserved 1069056K
  class space    used 2507K, capacity 2567K, committed 2608K, reserved 1048576K
Event: 3.946 GC heap after
Heap after GC invocations=4 (full 1):
 PSYoungGen      total 141824K, used 0K [0x000000076ab00000, 0x000000077c000000, 0x00000007c0000000)
  eden space 131072K, 0% used [0x000000076ab00000,0x000000076ab00000,0x0000000772b00000)
  from space 10752K, 0% used [0x0000000772b00000,0x0000000772b00000,0x0000000773580000)
  to   space 10752K, 0% used [0x000000077b580000,0x000000077b580000,0x000000077c000000)
 ParOldGen       total 94208K, used 10269K [0x00000006c0000000, 0x00000006c5c00000, 0x000000076ab00000)
  object space 94208K, 10% used [0x00000006c0000000,0x00000006c0a07610,0x00000006c5c00000)
 Metaspace       used 20999K, capacity 21182K, committed 21296K, reserved 1069056K
  class space    used 2506K, capacity 2566K, committed 2608K, reserved 1048576K
}
Event: 6.385 GC heap before
{Heap before GC invocations=5 (full 1):
 PSYoungGen      total 141824K, used 131072K [0x000000076ab00000, 0x000000077c000000, 0x00000007c0000000)
  eden space 131072K, 100% used [0x000000076ab00000,0x0000000772b00000,0x0000000772b00000)
  from space 10752K, 0% used [0x0000000772b00000,0x0000000772b00000,0x0000000773580000)
  to   space 10752K, 0% used [0x000000077b580000,0x000000077b580000,0x000000077c000000)
 ParOldGen       total 94208K, used 10269K [0x00000006c0000000, 0x00000006c5c00000, 0x000000076ab00000)
  object space 94208K, 10% used [0x00000006c0000000,0x00000006c0a07610,0x00000006c5c00000)
 Metaspace       used 28109K, capacity 28308K, committed 28592K, reserved 1075200K
  class space    used 3382K, capacity 3439K, committed 3504K, reserved 1048576K
Event: 6.398 GC heap after
Heap after GC invocations=5 (full 1):
 PSYoungGen      total 237568K, used 10684K [0x000000076ab00000, 0x000000077c000000, 0x00000007c0000000)
  eden space 226816K, 0% used [0x000000076ab00000,0x000000076ab00000,0x0000000778880000)
  from space 10752K, 99% used [0x000000077b580000,0x000000077bfef3c0,0x000000077c000000)
  to   space 10752K, 0% used [0x000000077ab00000,0x000000077ab00000,0x000000077b580000)
 ParOldGen       total 94208K, used 10277K [0x00000006c0000000, 0x00000006c5c00000, 0x000000076ab00000)
  object space 94208K, 10% used [0x00000006c0000000,0x00000006c0a09610,0x00000006c5c00000)
 Metaspace       used 28109K, capacity 28308K, committed 28592K, reserved 1075200K
  class space    used 3382K, capacity 3439K, committed 3504K, reserved 1048576K
}
Event: 26.020 GC heap before
{Heap before GC invocations=6 (full 1):
 PSYoungGen      total 237568K, used 237500K [0x000000076ab00000, 0x000000077c000000, 0x00000007c0000000)
  eden space 226816K, 100% used [0x000000076ab00000,0x0000000778880000,0x0000000778880000)
  from space 10752K, 99% used [0x000000077b580000,0x000000077bfef3c0,0x000000077c000000)
  to   space 10752K, 0% used [0x000000077ab00000,0x000000077ab00000,0x000000077b580000)
 ParOldGen       total 94208K, used 10277K [0x00000006c0000000, 0x00000006c5c00000, 0x000000076ab00000)
  object space 94208K, 10% used [0x00000006c0000000,0x00000006c0a09610,0x00000006c5c00000)
 Metaspace       used 34444K, capacity 34802K, committed 34992K, reserved 1079296K
  class space    used 4129K, capacity 4212K, committed 4272K, reserved 1048576K
Event: 26.063 GC heap after
Heap after GC invocations=6 (full 1):
 PSYoungGen      total 272896K, used 10731K [0x000000076ab00000, 0x0000000784e80000, 0x00000007c0000000)
  eden space 262144K, 0% used [0x000000076ab00000,0x000000076ab00000,0x000000077ab00000)
  from space 10752K, 99% used [0x000000077ab00000,0x000000077b57ac00,0x000000077b580000)
  to   space 25088K, 0% used [0x0000000783600000,0x0000000783600000,0x0000000784e80000)
 ParOldGen       total 94208K, used 27871K [0x00000006c0000000, 0x00000006c5c00000, 0x000000076ab00000)
  object space 94208K, 29% used [0x00000006c0000000,0x00000006c1b37cf8,0x00000006c5c00000)
 Metaspace       used 34444K, capacity 34802K, committed 34992K, reserved 1079296K
  class space    used 4129K, capacity 4212K, committed 4272K, reserved 1048576K
}

